<?xml version="1.0" encoding="UTF-8"?>
<testsuite hostname="kaineras-OptiPlex-9020" name="nestor_sanchez.training.globant.com.tests.Tests" tests="6" failures="0" timestamp="21 Sep 2015 21:34:45 GMT" time="56.599" errors="0">
  <testcase name="calendarTest" time="4.542" classname="nestor_sanchez.training.globant.com.tests.Tests"/>
  <testcase name="checkSearch" time="6.696" classname="nestor_sanchez.training.globant.com.tests.Tests"/>
  <testcase name="checkTitle" time="4.405" classname="nestor_sanchez.training.globant.com.tests.Tests"/>
  <testcase name="dateCreationTest" time="4.636" classname="nestor_sanchez.training.globant.com.tests.Tests"/>
  <testcase name="fillContactComplete" time="8.831" classname="nestor_sanchez.training.globant.com.tests.Tests"/>
  <testcase name="fillContactNoComplete" time="11.06" classname="nestor_sanchez.training.globant.com.tests.Tests"/>
</testsuite>
