<?xml version="1.0" encoding="UTF-8"?>
<testng-results skipped="0" failed="0" total="6" passed="6">
  <reporter-output>
    <line>
      <![CDATA[This days 0 has posts]]>
    </line>
    <line>
      <![CDATA[Calendario Checado]]>
    </line>
    <line>
      <![CDATA[Busqueda realizada]]>
    </line>
    <line>
      <![CDATA[Entrando a Automation Training]]>
    </line>
    <line>
      <![CDATA[El titulo concuerda]]>
    </line>
    <line>
      <![CDATA[Calendario Checado]]>
    </line>
    <line>
      <![CDATA[Thank you for contacting us.]]>
    </line>
    <line>
      <![CDATA[Contacto Completo]]>
    </line>
    <line>
      <![CDATA[Contacto incompleto]]>
    </line>
    <line>
      <![CDATA[Thank you for contacting us.]]>
    </line>
    <line>
      <![CDATA[Contacto Completo]]>
    </line>
  </reporter-output>
  <suite name="Default suite" duration-ms="56599" started-at="2015-09-21T16:33:48Z" finished-at="2015-09-21T16:34:45Z">
    <groups>
    </groups>
    <test name="Default test" duration-ms="56599" started-at="2015-09-21T16:33:48Z" finished-at="2015-09-21T16:34:45Z">
      <class name="nestor_sanchez.training.globant.com.tests.Tests">
        <test-method status="PASS" signature="before()" name="before" is-config="true" duration-ms="3441" started-at="2015-09-21T16:33:48Z" finished-at="2015-09-21T16:33:52Z">
        </test-method>
        <test-method status="PASS" signature="calendarTest()" name="calendarTest" duration-ms="4542" started-at="2015-09-21T16:33:52Z" finished-at="2015-09-21T16:33:56Z">
        </test-method>
        <test-method status="PASS" signature="after()" name="after" is-config="true" duration-ms="62" started-at="2015-09-21T16:33:56Z" finished-at="2015-09-21T16:33:56Z">
        </test-method>
        <test-method status="PASS" signature="before()" name="before" is-config="true" duration-ms="2572" started-at="2015-09-21T16:33:56Z" finished-at="2015-09-21T16:33:59Z">
        </test-method>
        <test-method status="PASS" signature="checkSearch()" name="checkSearch" duration-ms="6696" started-at="2015-09-21T16:33:59Z" finished-at="2015-09-21T16:34:05Z">
        </test-method>
        <test-method status="PASS" signature="after()" name="after" is-config="true" duration-ms="58" started-at="2015-09-21T16:34:05Z" finished-at="2015-09-21T16:34:06Z">
        </test-method>
        <test-method status="PASS" signature="before()" name="before" is-config="true" duration-ms="2497" started-at="2015-09-21T16:34:06Z" finished-at="2015-09-21T16:34:08Z">
        </test-method>
        <test-method status="PASS" signature="checkTitle()" name="checkTitle" duration-ms="4405" started-at="2015-09-21T16:34:08Z" finished-at="2015-09-21T16:34:12Z">
        </test-method>
        <test-method status="PASS" signature="after()" name="after" is-config="true" duration-ms="58" started-at="2015-09-21T16:34:12Z" finished-at="2015-09-21T16:34:12Z">
        </test-method>
        <test-method status="PASS" signature="before()" name="before" is-config="true" duration-ms="2519" started-at="2015-09-21T16:34:12Z" finished-at="2015-09-21T16:34:15Z">
        </test-method>
        <test-method status="PASS" signature="dateCreationTest()" name="dateCreationTest" duration-ms="4636" started-at="2015-09-21T16:34:15Z" finished-at="2015-09-21T16:34:20Z">
        </test-method>
        <test-method status="PASS" signature="after()" name="after" is-config="true" duration-ms="60" started-at="2015-09-21T16:34:20Z" finished-at="2015-09-21T16:34:20Z">
        </test-method>
        <test-method status="PASS" signature="before()" name="before" is-config="true" duration-ms="2566" started-at="2015-09-21T16:34:20Z" finished-at="2015-09-21T16:34:22Z">
        </test-method>
        <test-method status="PASS" signature="fillContactComplete()" name="fillContactComplete" duration-ms="8831" started-at="2015-09-21T16:34:22Z" finished-at="2015-09-21T16:34:31Z">
        </test-method>
        <test-method status="PASS" signature="after()" name="after" is-config="true" duration-ms="59" started-at="2015-09-21T16:34:31Z" finished-at="2015-09-21T16:34:31Z">
        </test-method>
        <test-method status="PASS" signature="before()" name="before" is-config="true" duration-ms="2466" started-at="2015-09-21T16:34:31Z" finished-at="2015-09-21T16:34:34Z">
        </test-method>
        <test-method status="PASS" signature="fillContactNoComplete()" name="fillContactNoComplete" duration-ms="11060" started-at="2015-09-21T16:34:34Z" finished-at="2015-09-21T16:34:45Z">
        </test-method>
        <test-method status="PASS" signature="after()" name="after" is-config="true" duration-ms="61" started-at="2015-09-21T16:34:45Z" finished-at="2015-09-21T16:34:45Z">
        </test-method>
      </class>
    </test>
  </suite>
</testng-results>
